Determining if the pthread_create exist failed with the following output:
Change Dir: /home/gurren/workspace/arc_ws/src/arc_stage/cmake-build-debug/CMakeFiles/CMakeTmp

Run Build Command:"/usr/bin/make" "cmTC_3833c/fast"
/usr/bin/make -f CMakeFiles/cmTC_3833c.dir/build.make CMakeFiles/cmTC_3833c.dir/build
make[1]: Entering directory '/home/gurren/workspace/arc_ws/src/arc_stage/cmake-build-debug/CMakeFiles/CMakeTmp'
Building C object CMakeFiles/cmTC_3833c.dir/CheckSymbolExists.c.o
/usr/bin/cc     -o CMakeFiles/cmTC_3833c.dir/CheckSymbolExists.c.o   -c /home/gurren/workspace/arc_ws/src/arc_stage/cmake-build-debug/CMakeFiles/CMakeTmp/CheckSymbolExists.c
Linking C executable cmTC_3833c
/home/gurren/software/clion-2017.1.1/bin/cmake/bin/cmake -E cmake_link_script CMakeFiles/cmTC_3833c.dir/link.txt --verbose=1
/usr/bin/cc       CMakeFiles/cmTC_3833c.dir/CheckSymbolExists.c.o  -o cmTC_3833c -rdynamic 
CMakeFiles/cmTC_3833c.dir/CheckSymbolExists.c.o: In function `main':
CheckSymbolExists.c:(.text+0x16): undefined reference to `pthread_create'
collect2: error: ld returned 1 exit status
CMakeFiles/cmTC_3833c.dir/build.make:97: recipe for target 'cmTC_3833c' failed
make[1]: *** [cmTC_3833c] Error 1
make[1]: Leaving directory '/home/gurren/workspace/arc_ws/src/arc_stage/cmake-build-debug/CMakeFiles/CMakeTmp'
Makefile:126: recipe for target 'cmTC_3833c/fast' failed
make: *** [cmTC_3833c/fast] Error 2

File /home/gurren/workspace/arc_ws/src/arc_stage/cmake-build-debug/CMakeFiles/CMakeTmp/CheckSymbolExists.c:
/* */
#include <pthread.h>

int main(int argc, char** argv)
{
  (void)argv;
#ifndef pthread_create
  return ((int*)(&pthread_create))[argc];
#else
  (void)argc;
  return 0;
#endif
}

Determining if the function pthread_create exists in the pthreads failed with the following output:
Change Dir: /home/gurren/workspace/arc_ws/src/arc_stage/cmake-build-debug/CMakeFiles/CMakeTmp

Run Build Command:"/usr/bin/make" "cmTC_47e5d/fast"
/usr/bin/make -f CMakeFiles/cmTC_47e5d.dir/build.make CMakeFiles/cmTC_47e5d.dir/build
make[1]: Entering directory '/home/gurren/workspace/arc_ws/src/arc_stage/cmake-build-debug/CMakeFiles/CMakeTmp'
Building C object CMakeFiles/cmTC_47e5d.dir/CheckFunctionExists.c.o
/usr/bin/cc    -DCHECK_FUNCTION_EXISTS=pthread_create   -o CMakeFiles/cmTC_47e5d.dir/CheckFunctionExists.c.o   -c /home/gurren/software/clion-2017.1.1/bin/cmake/share/cmake-3.7/Modules/CheckFunctionExists.c
Linking C executable cmTC_47e5d
/home/gurren/software/clion-2017.1.1/bin/cmake/bin/cmake -E cmake_link_script CMakeFiles/cmTC_47e5d.dir/link.txt --verbose=1
/usr/bin/cc   -DCHECK_FUNCTION_EXISTS=pthread_create    CMakeFiles/cmTC_47e5d.dir/CheckFunctionExists.c.o  -o cmTC_47e5d -rdynamic -lpthreads 
/usr/bin/ld: cannot find -lpthreads
collect2: error: ld returned 1 exit status
CMakeFiles/cmTC_47e5d.dir/build.make:97: recipe for target 'cmTC_47e5d' failed
make[1]: *** [cmTC_47e5d] Error 1
make[1]: Leaving directory '/home/gurren/workspace/arc_ws/src/arc_stage/cmake-build-debug/CMakeFiles/CMakeTmp'
Makefile:126: recipe for target 'cmTC_47e5d/fast' failed
make: *** [cmTC_47e5d/fast] Error 2


